build/outputs/mapping/release/seeds.txt
com.tencent.bugly.demo.MainActivity
com.tencent.bugly.demo.MainActivity: MainActivity()
com.tencent.bugly.demo.MainActivity: void onClick(android.view.View)
com.tencent.bugly.demo.MyApplication
com.tencent.bugly.demo.MyApplication: MyApplication()
com.tencent.bugly.demo.R$anim: int abc_fade_in
com.tencent.bugly.demo.R$anim: int abc_fade_out
com.tencent.bugly.demo.R$anim: int abc_grow_fade_in_from_bottom
com.tencent.bugly.demo.R$anim: int abc_popup_enter
com.tencent.bugly.demo.R$anim: int abc_popup_exit
com.tencent.bugly.demo.R$anim: int abc_shrink_fade_out_from_bottom
com.tencent.bugly.demo.R$anim: int abc_slide_in_bottom
com.tencent.bugly.demo.R$anim: int abc_slide_in_top
com.tencent.bugly.demo.R$anim: int abc_slide_out_bottom
com.tencent.bugly.demo.R$anim: int abc_slide_out_top
com.tencent.bugly.demo.R$attr: int actionBarDivider
com.tencent.bugly.demo.R$attr: int actionBarItemBackground
com.tencent.bugly.demo.R$attr: int actionBarPopupTheme
com.tencent.bugly.demo.R$attr: int actionBarSize
com.tencent.bugly.demo.R$attr: int actionBarSplitStyle
com.tencent.bugly.demo.R$attr: int actionBarStyle
com.tencent.bugly.demo.R$attr: int actionBarTabBarStyle
com.tencent.bugly.demo.R$attr: int actionBarTabStyle
com.tencent.bugly.demo.R$attr: int actionBarTabTextStyle
com.tencent.bugly.demo.R$attr: int actionBarTheme
com.tencent.bugly.demo.R$attr: int actionBarWidgetTheme
com.tencent.bugly.demo.R$attr: int actionButtonStyle
com.tencent.bugly.demo.R$attr: int actionDropDownStyle
com.tencent.bugly.demo.R$attr: int actionLayout
com.tencent.bugly.demo.R$attr: int actionMenuTextAppearance
com.tencent.bugly.demo.R$attr: int actionMenuTextColor
com.tencent.bugly.demo.R$attr: int actionModeBackground
com.tencent.bugly.demo.R$attr: int actionModeCloseButtonStyle
com.tencent.bugly.demo.R$attr: int actionModeCloseDrawable
com.tencent.bugly.demo.R$attr: int actionModeCopyDrawable
com.tencent.bugly.demo.R$attr: int actionModeCutDrawable
com.tencent.bugly.demo.R$attr: int actionModeFindDrawable
com.tencent.bugly.demo.R$attr: int actionModePasteDrawable
com.tencent.bugly.demo.R$attr: int actionModePopupWindowStyle
com.tencent.bugly.demo.R$attr: int actionModeSelectAllDrawable
com.tencent.bugly.demo.R$attr: int actionModeShareDrawable
com.tencent.bugly.demo.R$bool: int abc_action_bar_embed_tabs
com.tencent.bugly.demo.R$bool: int abc_action_bar_embed_tabs_pre_jb
com.tencent.bugly.demo.R$bool: int abc_action_bar_expanded_action_views_exclusive
com.tencent.bugly.demo.R$bool: int abc_allow_stacked_button_bar
com.tencent.bugly.demo.R$bool: int abc_config_actionMenuItemAllCaps
com.tencent.bugly.demo.R$bool: int abc_config_allowActionMenuItemTextWithIcon
com.tencent.bugly.demo.R$bool: int abc_config_closeDialogWhenTouchOutside
com.tencent.bugly.demo.R$bool: int abc_config_showMenuShortcutsWhenKeyboardPresent
...
android.support.v4.widget.SlidingPaneLayout: void setParallaxDistance(int)
android.support.v4.widget.SlidingPaneLayout: int getParallaxDistance()
android.support.v4.widget.SlidingPaneLayout: void setSliderFadeColor(int)
android.support.v4.widget.SlidingPaneLayout: int getSliderFadeColor()
android.support.v4.widget.SlidingPaneLayout: void setCoveredFadeColor(int)
android.support.v4.widget.SlidingPaneLayout: int getCoveredFadeColor()
android.support.v4.widget.SlidingPaneLayout: void setPanelSlideListener(android.support.v4.widget.SlidingPaneLayout$PanelSlideListener)
android.support.v4.widget.SlidingPaneLayout: void setShadowDrawable(android.graphics.drawable.Drawable)
android.support.v4.widget.SlidingPaneLayout: void setShadowDrawableLeft(android.graphics.drawable.Drawable)
android.support.v4.widget.SlidingPaneLayout: void setShadowDrawableRight(android.graphics.drawable.Drawable)
android.support.v4.widget.SlidingPaneLayout: void setShadowResource(int)
android.support.v4.widget.SlidingPaneLayout: void setShadowResourceLeft(int)
android.support.v4.widget.SlidingPaneLayout: void setShadowResourceRight(int)
android.support.v4.widget.SlidingPaneLayout$SavedState: android.os.Parcelable$Creator CREATOR
android.support.v4.widget.Space
android.support.v4.widget.Space: Space(android.content.Context,android.util.AttributeSet,int)
android.support.v4.widget.Space: Space(android.content.Context,android.util.AttributeSet)
android.support.v4.widget.Space: Space(android.content.Context)
android.support.v4.widget.SwipeRefreshLayout: void setColorViewAlpha(int)
android.support.v4.widget.SwipeRefreshLayout: void setSize(int)
android.support.v4.widget.SwipeRefreshLayout: void setOnRefreshListener(android.support.v4.widget.SwipeRefreshLayout$OnRefreshListener)
android.support.v4.widget.SwipeRefreshLayout: void setRefreshing(boolean)
android.support.v4.widget.SwipeRefreshLayout: void setAnimationProgress(float)
android.support.v4.widget.SwipeRefreshLayout: void setProgressBackgroundColor(int)
android.support.v4.widget.SwipeRefreshLayout: void setProgressBackgroundColorSchemeResource(int)
android.support.v4.widget.SwipeRefreshLayout: void setProgressBackgroundColorSchemeColor(int)
android.support.v4.widget.SwipeRefreshLayout: void setColorScheme(int[])
android.support.v4.widget.SwipeRefreshLayout: void setColorSchemeResources(int[])
android.support.v4.widget.SwipeRefreshLayout: void setColorSchemeColors(int[])
android.support.v4.widget.SwipeRefreshLayout: void setDistanceToTriggerSync(int)
android.support.v4.widget.SwipeRefreshLayout: int getProgressCircleDiameter()
android.support.v4.widget.SwipeRefreshLayout: int getNestedScrollAxes()
android.support.v4.widget.SwipeRefreshLayout: void setNestedScrollingEnabled(boolean)
android.support.v7.app.AppCompatActivity: AppCompatActivity()
android.support.v7.app.AppCompatActivity: void setContentView(android.view.View)
android.support.v7.app.AppCompatDelegateImplV7$PanelFeatureState$SavedState: android.os.Parcelable$Creator CREATOR
android.support.v7.appcompat.R$anim: int abc_fade_in
android.support.v7.appcompat.R$anim: int abc_fade_out
android.support.v7.appcompat.R$anim: int abc_grow_fade_in_from_bottom
android.support.v7.appcompat.R$anim: int abc_popup_enter
android.support.v7.appcompat.R$anim: int abc_popup_exit
android.support.v7.appcompat.R$anim: int abc_shrink_fade_out_from_bottom
android.support.v7.appcompat.R$anim: int abc_slide_in_bottom
android.support.v7.appcompat.R$anim: int abc_slide_in_top
android.support.v7.appcompat.R$anim: int abc_slide_out_bottom
android.support.v7.appcompat.R$anim: int abc_slide_out_top