build/outputs/mapping/release/usage.txt
com.tencent.bugly.demo.BuildConfig
com.tencent.bugly.demo.R
com.tencent.bugly.demo.R$anim
com.tencent.bugly.demo.R$attr
com.tencent.bugly.demo.R$bool
com.tencent.bugly.demo.R$color
com.tencent.bugly.demo.R$dimen
com.tencent.bugly.demo.R$drawable
com.tencent.bugly.demo.R$id
com.tencent.bugly.demo.R$integer
com.tencent.bugly.demo.R$layout
com.tencent.bugly.demo.R$mipmap
com.tencent.bugly.demo.R$string
com.tencent.bugly.demo.R$style
com.tencent.bugly.demo.R$styleable
...
android.support.v4.app.SharedElementCallback:
    private android.graphics.Matrix mTempMatrix
    private static final java.lang.String BUNDLE_SNAPSHOT_BITMAP
    private static final java.lang.String BUNDLE_SNAPSHOT_IMAGE_SCALETYPE
    private static final java.lang.String BUNDLE_SNAPSHOT_IMAGE_MATRIX
    43:43:public SharedElementCallback()
    134:134:public void onRejectSharedElements(java.util.List)
    169:208:public android.os.Parcelable onCaptureSharedElementSnapshot(android.view.View,android.graphics.Matrix,android.graphics.RectF)
    215:237:private static android.graphics.Bitmap createDrawableBitmap(android.graphics.drawable.Drawable)
    258:281:public android.view.View onCreateSnapshotView(android.content.Context,android.os.Parcelable)
android.support.v4.app.TaskStackBuilder:
    private static final java.lang.String TAG
    150:150:public static android.support.v4.app.TaskStackBuilder from(android.content.Context)
    178:186:public android.support.v4.app.TaskStackBuilder addNextIntentWithParentStack(android.content.Intent)
    226:226:public android.support.v4.app.TaskStackBuilder addParentStack(java.lang.Class)
    256:256:public int getIntentCount()
    270:270:public android.content.Intent getIntent(int)
    282:282:public android.content.Intent editIntentAt(int)
    344:344:public android.app.PendingIntent getPendingIntent(int,int)
    361:371:public android.app.PendingIntent getPendingIntent(int,int,android.os.Bundle)
    382:391:public android.content.Intent[] getIntents()
android.support.v4.app.TaskStackBuilder$TaskStackBuilderImpl:
    public abstract android.app.PendingIntent getPendingIntent(android.content.Context,android.content.Intent[],int,int,android.os.Bundle)
android.support.v4.app.TaskStackBuilder$TaskStackBuilderImplBase:
    84:86:public android.app.PendingIntent getPendingIntent(android.content.Context,android.content.Intent[],int,int,android.os.Bundle)
android.support.v4.app.TaskStackBuilder$TaskStackBuilderImplHoneycomb:
    93:96:public android.app.PendingIntent getPendingIntent(android.content.Context,android.content.Intent[],int,int,android.os.Bundle)
android.support.v4.app.TaskStackBuilder$TaskStackBuilderImplJellybean
android.support.v4.app.TaskStackBuilderHoneycomb
android.support.v4.app.TaskStackBuilderJellybean
android.support.v4.content.AsyncTaskLoader
android.support.v4.content.AsyncTaskLoader$LoadTask
android.support.v4.content.ContentResolverCompat
android.support.v4.content.ContentResolverCompat$ContentResolverCompatImpl
android.support.v4.content.ContentResolverCompat$ContentResolverCompatImplBase
android.support.v4.content.ContentResolverCompat$ContentResolverCompatImplJB
android.support.v4.content.ContentResolverCompatJellybean